
PLAY [Установка WordPress на Debian 12] ****************************************

TASK [Gathering Facts] *********************************************************
ok: [debian]

TASK [Обновление apt-репозиториев] *********************************************
ok: [debian]

TASK [Установка необходимых пакетов] *******************************************
ok: [debian]

TASK [Убедиться, что MariaDB запущена и включена] ******************************
ok: [debian]

TASK [Создание базы данных WordPress] ******************************************
ok: [debian]

TASK [Создание пользователя WordPress] *****************************************
changed: [debian]

TASK [Скачивание WordPress] ****************************************************
ok: [debian]

TASK [Распаковка WordPress] ****************************************************
ok: [debian]

TASK [Удаление стандартного index.html] ****************************************
ok: [debian]

TASK [Копирование файлов WordPress в /var/www/html] ****************************
ok: [debian]

TASK [Установка прав на директорию WordPress] **********************************
ok: [debian]

PLAY RECAP *********************************************************************
debian                     : ok=11   changed=1    unreachable=0    failed=0    skipped=0    rescued=0    ignored=0   

